TN:
SF:index.js
FN:3,pLimit
FN:19,resumeNext
FN:27,next
FN:32,run
FN:50,enqueue
FN:66,generator
FN:72,get
FN:75,get
FN:78,value
FN:92,get
FN:94,set
FN:107,value
FN:117,limitFunction
FN:123,validateConcurrency
FNF:14
FNH:14
FNDA:28,pLimit
FNDA:416,resumeNext
FNDA:370,next
FNDA:370,run
FNDA:375,enqueue
FNDA:375,generator
FNDA:8,get
FNDA:11,get
FNDA:2,value
FNDA:1,get
FNDA:2,set
FNDA:5,value
FNDA:1,limitFunction
FNDA:30,validateConcurrency
DA:1,1
DA:2,1
DA:3,1
DA:4,28
DA:5,28
DA:6,28
DA:7,5
DA:8,5
DA:9,28
DA:10,28
DA:11,28
DA:12,28
DA:13,0
DA:14,0
DA:15,21
DA:16,21
DA:17,21
DA:18,21
DA:19,21
DA:20,416
DA:21,416
DA:22,370
DA:23,370
DA:24,370
DA:25,21
DA:26,21
DA:27,21
DA:28,370
DA:29,370
DA:30,21
DA:31,21
DA:32,21
DA:33,370
DA:34,370
DA:35,370
DA:36,370
DA:37,370
DA:38,370
DA:39,370
DA:40,370
DA:41,370
DA:42,370
DA:43,370
DA:44,370
DA:45,370
DA:46,370
DA:47,370
DA:48,21
DA:49,21
DA:50,21
DA:51,375
DA:52,375
DA:53,375
DA:54,375
DA:55,375
DA:56,375
DA:57,375
DA:58,375
DA:59,375
DA:60,375
DA:61,375
DA:62,44
DA:63,44
DA:64,21
DA:65,21
DA:66,21
DA:67,375
DA:68,21
DA:69,21
DA:70,21
DA:71,21
DA:72,21
DA:73,21
DA:74,21
DA:75,21
DA:76,21
DA:77,21
DA:78,21
DA:79,2
DA:80,1
DA:81,1
DA:82,1
DA:83,1
DA:84,1
DA:85,1
DA:86,2
DA:87,2
DA:88,2
DA:89,21
DA:90,21
DA:91,21
DA:92,21
DA:93,21
DA:94,21
DA:95,2
DA:96,2
DA:97,2
DA:98,2
DA:99,2
DA:100,2
DA:101,2
DA:102,2
DA:103,2
DA:104,21
DA:105,21
DA:106,21
DA:107,21
DA:108,5
DA:109,5
DA:110,21
DA:111,21
DA:112,21
DA:113,21
DA:114,21
DA:115,28
DA:116,1
DA:117,1
DA:118,1
DA:119,1
DA:120,1
DA:121,1
DA:122,1
DA:123,30
DA:124,30
DA:125,7
DA:126,7
DA:127,30
LF:127
LH:125
BRDA:1,0,0,1
BRDA:3,1,0,28
BRDA:6,2,0,5
BRDA:12,3,0,0
BRDA:15,4,0,21
BRDA:19,5,0,416
BRDA:21,6,0,414
BRDA:21,7,0,370
BRDA:27,8,0,370
BRDA:32,9,0,370
BRDA:44,10,0,368
BRDA:44,11,0,2
BRDA:34,12,0,370
BRDA:50,13,0,375
BRDA:61,14,0,44
BRDA:55,15,0,375
BRDA:66,16,0,375
BRDA:66,17,0,375
BRDA:72,18,0,8
BRDA:75,19,0,11
BRDA:78,20,0,2
BRDA:79,21,0,1
BRDA:92,22,0,1
BRDA:94,23,0,2
BRDA:98,24,0,2
BRDA:107,25,0,5
BRDA:108,26,0,22
BRDA:117,27,0,1
BRDA:120,28,0,100
BRDA:120,29,0,100
BRDA:123,30,0,30
BRDA:124,31,0,4
BRDA:124,32,0,26
BRDA:124,33,0,7
BRF:34
BRH:33
end_of_record
